[2025-07-03 01:09:21] INFO: Connected to MongoDB
[2025-07-04 02:44:04] INFO: Connected to MongoDB
[2025-07-04 02:44:59] INFO: Connected to MongoDB
[2025-07-04 02:45:15] INFO: Connected to MongoDB
[2025-07-04 02:45:31] INFO: Connected to MongoDB
[2025-07-04 02:46:35] INFO: Connected to MongoDB
[2025-07-04 02:47:08] INFO: Connected to MongoDB
[2025-07-04 02:47:23] INFO: Connected to MongoDB
[2025-07-04 02:51:04] INFO: Connected to MongoDB
[2025-07-04 02:51:29] INFO: Connected to MongoDB
[2025-07-04 02:56:46] INFO: Connected to MongoDB
[2025-07-04 03:00:43] INFO: Connected to MongoDB
[2025-07-04 03:01:46] INFO: entering backup route
[2025-07-04 03:01:46] ERROR: ❌ Invalid JSON in backupData
[2025-07-04 03:04:40] INFO: Connected to MongoDB
[2025-07-04 03:04:52] INFO: Connected to MongoDB
[2025-07-04 03:06:30] INFO: Connected to MongoDB
[2025-07-04 03:06:44] INFO: Connected to MongoDB
[2025-07-04 03:06:53] INFO: Connected to MongoDB
[2025-07-04 03:07:24] INFO: Connected to MongoDB
[2025-07-04 03:08:24] INFO: entering backup route
[2025-07-04 03:08:28] INFO: ✅ Backup PDF sent to mosinzhb32@gmail.com
[2025-07-04 03:08:28] INFO: data saved to database
[2025-07-04 03:09:12] INFO: Connected to MongoDB
[2025-07-04 03:09:34] INFO: entering backup route
[2025-07-04 03:09:38] INFO: ✅ Backup PDF sent to mosinzhb32@gmail.com
[2025-07-04 03:09:38] INFO: data saved to database
[2025-07-04 03:12:22] INFO: Connected to MongoDB
[2025-07-04 03:12:31] INFO: Connected to MongoDB
[2025-07-04 03:12:54] INFO: Connected to MongoDB
[2025-07-04 03:13:19] INFO: Connected to MongoDB
[2025-07-04 03:13:40] INFO: Connected to MongoDB
[2025-07-04 03:14:38] INFO: Connected to MongoDB
[2025-07-04 03:14:49] INFO: entering backup route
[2025-07-04 03:14:54] INFO: ✅ Backup PDF sent to mosinzhb32@gmail.com
[2025-07-04 03:14:54] INFO: data saved to database
[2025-07-04 10:22:25] INFO: Connected to MongoDB
[2025-07-04 10:27:54] INFO: entering backup route
[2025-07-04 10:27:59] INFO: ✅ Backup PDF sent to mosinzhb32@gmail.com
[2025-07-04 10:27:59] INFO: data saved to database
[2025-07-04 10:31:00] INFO: Connected to MongoDB
[2025-07-04 10:31:22] INFO: entering backup route
[2025-07-04 10:31:27] INFO: ✅ Backup PDF sent to mosinzhb32@gmail.com
[2025-07-04 10:31:27] INFO: data saved to database
[2025-07-09 20:40:08] INFO: Connected to MongoDB
[2025-07-09 21:19:35] INFO: Connected to MongoDB
[2025-07-09 21:52:46] INFO: Connected to MongoDB
[2025-07-09 21:53:05] INFO: Connected to MongoDB
[2025-07-09 21:53:16] INFO: Connected to MongoDB
[2025-07-09 21:54:23] INFO: Connected to MongoDB
[2025-07-09 21:54:29] INFO: Connected to MongoDB
[2025-07-09 22:26:31] INFO: Connected to MongoDB
[2025-07-09 22:28:52] INFO: Connected to MongoDB
[2025-07-09 22:29:53] INFO: Connected to MongoDB
[2025-07-09 22:30:55] INFO: Connected to MongoDB
[2025-07-09 22:32:00] INFO: Connected to MongoDB
[2025-07-09 22:33:32] INFO: Connected to MongoDB
[2025-07-09 22:33:39] INFO: Connected to MongoDB
[2025-07-09 22:33:44] INFO: Connected to MongoDB
[2025-07-09 22:34:17] INFO: Connected to MongoDB
[2025-07-10 09:42:13] INFO: Connected to MongoDB
[2025-07-10 09:45:23] INFO: Connected to MongoDB
[2025-07-10 09:47:38] INFO: Connected to MongoDB
[2025-07-10 09:47:58] INFO: Register OTP request for: mrtradingview766@gmail.com
[2025-07-10 09:47:59] ERROR: Register OTP Error: User validation failed: mobile: Path `mobile` is required., name: Path `name` is required.
[2025-07-10 09:49:48] INFO: Connected to MongoDB
[2025-07-10 09:51:13] INFO: Connected to MongoDB
[2025-07-10 09:51:19] INFO: Register OTP request for: mrtradingview766@gmail.com
[2025-07-10 09:51:19] ERROR: Register OTP Error: User validation failed: mobile: Path `mobile` is required., name: Path `name` is required.
[2025-07-10 10:07:22] INFO: Connected to MongoDB
[2025-07-10 10:07:25] INFO: Register OTP request for: mrtradingview766@gmail.com
[2025-07-10 10:07:25] ERROR: Register OTP Error: User validation failed: mobile: Path `mobile` is required., name: Path `name` is required.
[2025-07-10 10:12:49] INFO: Connected to MongoDB
[2025-07-10 10:17:07] INFO: Connected to MongoDB
[2025-07-10 10:17:15] INFO: Connected to MongoDB
[2025-07-10 10:17:19] INFO: Register OTP request for: mrtradingview766@gmail.com
[2025-07-10 10:17:19] INFO: OTP generated: 558003, expires at: Thu Jul 10 2025 10:27:19 GMT+0530 (India Standard Time)
[2025-07-10 10:17:22] INFO: OTP sent to: mrtradingview766@gmail.com
[2025-07-10 10:38:47] INFO: Register OTP request for: mrtradingview766@gmail.com
[2025-07-10 10:38:47] INFO: OTP generated: 877958, expires at: Thu Jul 10 2025 10:48:47 GMT+0530 (India Standard Time)
[2025-07-10 10:38:49] INFO: OTP sent to: mrtradingview766@gmail.com
[2025-07-10 10:39:18] INFO: Verifying registration OTP for: mrtradingview766@gmail.com
[2025-07-10 10:39:18] INFO: Registration complete for: mrtradingview766@gmail.com
[2025-07-10 10:39:54] INFO: Login OTP request for: mrtradingview766@gmail.com
[2025-07-10 10:39:56] INFO: Login OTP sent to: mrtradingview766@gmail.com
[2025-07-10 10:40:36] INFO: Verifying login OTP for: mrtradingview766@gmail.com
[2025-07-10 10:40:36] INFO: Login successful for: mrtradingview766@gmail.com
[2025-07-10 10:43:06] INFO: Login OTP request for: mrtradingview766@gmail.com
[2025-07-10 10:43:09] INFO: Login OTP sent to: mrtradingview766@gmail.com
[2025-07-10 10:43:26] INFO: Verifying login OTP for: mrtradingview766@gmail.com
[2025-07-10 10:43:26] INFO: Login successful for: mrtradingview766@gmail.com
[2025-07-10 10:47:43] INFO: Connected to MongoDB
[2025-07-10 10:48:42] INFO: Login OTP request for: mrtradingview766@gmail.com
[2025-07-10 10:48:45] INFO: Login OTP sent to: mrtradingview766@gmail.com
[2025-07-10 10:49:02] INFO: Verifying login OTP for: mrtradingview766@gmail.com
[2025-07-10 10:49:03] INFO: Login successful for: mrtradingview766@gmail.com
[2025-07-10 10:52:46] INFO: Connected to MongoDB
[2025-07-10 10:53:21] INFO: Login OTP request for: mrtradingview766@gmail.com
[2025-07-10 10:53:24] INFO: Login OTP sent to: mrtradingview766@gmail.com
[2025-07-10 10:53:47] INFO: Verifying login OTP for: mrtradingview766@gmail.com
[2025-07-10 10:53:47] INFO: Login successful for: mrtradingview766@gmail.com
[2025-07-10 11:01:25] INFO: Login OTP request for: mrtradingview766@gmail.com
[2025-07-10 11:01:28] INFO: Login OTP sent to: mrtradingview766@gmail.com
[2025-07-10 11:01:52] INFO: Verifying login OTP for: mrtradingview766@gmail.com
[2025-07-10 11:01:52] INFO: Login successful for: mrtradingview766@gmail.com
[2025-07-10 19:04:11] INFO: Connected to MongoDB
[2025-07-10 20:08:46] INFO: Login OTP request for: wrweerwe
[2025-07-10 20:08:46] WARN: Login attempt for unregistered or unverified user: wrweerwe
[2025-07-10 20:08:52] INFO: Login OTP request for: ewrwre
[2025-07-10 20:08:52] WARN: Login attempt for unregistered or unverified user: ewrwre
[2025-07-10 20:08:57] INFO: Login OTP request for: ewrwreeweww
[2025-07-10 20:08:58] WARN: Login attempt for unregistered or unverified user: ewrwreeweww
[2025-07-10 20:11:07] INFO: Login OTP request for: sddsf@g.c
[2025-07-10 20:11:07] WARN: Login attempt for unregistered or unverified user: sddsf@g.c
[2025-07-10 20:11:10] INFO: Login OTP request for: sddsf@g.com
[2025-07-10 20:11:10] WARN: Login attempt for unregistered or unverified user: sddsf@g.com
[2025-07-10 20:11:22] INFO: Login OTP request for: mosinzhb32@gmail.com
[2025-07-10 20:11:25] INFO: Login OTP sent to: mosinzhb32@gmail.com
[2025-07-10 20:11:38] INFO: Verifying login OTP for: mosinzhb32@gmail.com
[2025-07-10 20:11:38] INFO: Login successful for: mosinzhb32@gmail.com
[2025-07-10 20:20:09] INFO: Connected to MongoDB
[2025-07-10 20:25:38] INFO: Login OTP request for: mosinzhb32@gmail.com
[2025-07-10 20:25:40] INFO: Login OTP sent to: mosinzhb32@gmail.com
[2025-07-10 20:25:57] INFO: Verifying login OTP for: mosinzhb32@gmail.com
[2025-07-10 20:25:57] INFO: Login successful for: mosinzhb32@gmail.com
[2025-07-10 20:30:41] INFO: Login OTP request for: mosinzhb32@gmail.com
[2025-07-10 20:30:47] INFO: Login OTP sent to: mosinzhb32@gmail.com
[2025-07-10 20:31:33] INFO: Verifying login OTP for: mosinzhb32@gmail.com
[2025-07-10 20:31:33] INFO: Login successful for: mosinzhb32@gmail.com
[2025-07-10 20:34:52] INFO: Connected to MongoDB
[2025-07-10 20:36:53] INFO: Connected to MongoDB
[2025-07-10 20:38:02] INFO: Connected to MongoDB
[2025-07-10 20:49:18] INFO: POST /api/transactions/add
[2025-07-10 20:49:18] WARN:  Missing required fields
[2025-07-10 20:51:21] INFO: POST /api/transactions/add
[2025-07-10 20:51:21] WARN:  Missing required fields
[2025-07-10 20:55:30] INFO: POST /api/transactions/add
[2025-07-10 20:55:30] INFO: ✅ Transaction added | ID: 686fdb6a21348feb4d871ff7 | Email: mosinzhb32@gmail.com
[2025-07-10 21:06:35] INFO: POST /api/transactions/add
[2025-07-10 21:06:35] INFO: ✅ Transaction added | ID: 686fde0321348feb4d871ff9 | Email: mosinzhb32@gmail.com
[2025-07-10 21:10:41] INFO: Connected to MongoDB
[2025-07-10 21:14:06] INFO: PUT /api/transactions/update
[2025-07-10 21:14:06] ERROR: Error updating transaction: Cast to ObjectId failed for value "1752161794991" (type number) at path "_id" for model "Transaction"
[2025-07-10 21:18:12] INFO: Connected to MongoDB
[2025-07-10 21:19:29] INFO: Connected to MongoDB
[2025-07-10 21:20:11] INFO: Connected to MongoDB
[2025-07-10 21:20:45] INFO: POST /api/transactions/add
[2025-07-10 21:20:45] ERROR: Error saving transaction: Transaction validation failed: id: Path `id` is required.
[2025-07-10 21:22:28] INFO: Connected to MongoDB
[2025-07-10 21:24:00] INFO: Connected to MongoDB
[2025-07-10 21:24:10] INFO: POST /api/transactions/add
[2025-07-10 21:24:10] INFO: ✅ Transaction added | ID: 1752162850451 | Email: mosinzhb32@gmail.com
[2025-07-10 21:25:21] INFO: PUT /api/transactions/update
[2025-07-10 21:25:21] WARN: Transaction not found | ID: 1752162850451
[2025-07-10 21:25:31] INFO: POST /api/transactions/add
[2025-07-10 21:25:31] INFO: ✅ Transaction added | ID: 1752162931379 | Email: mosinzhb32@gmail.com
[2025-07-10 21:25:39] INFO: PUT /api/transactions/update
[2025-07-10 21:25:39] INFO: ✅ Transaction updated | ID: 686fe27320ef2af7c27ee22d
[2025-07-10 21:25:56] INFO: PUT /api/transactions/update
[2025-07-10 21:25:56] INFO: ✅ Transaction updated | ID: 686fe27320ef2af7c27ee22d
[2025-07-10 21:26:44] INFO: POST /api/transactions/add
[2025-07-10 21:26:44] INFO: ✅ Transaction added | ID: 1752163004683 | Email: mosinzhb32@gmail.com
[2025-07-10 21:34:45] INFO: POST /api/transactions/add
[2025-07-10 21:34:45] INFO: ✅ Transaction added | ID: 1752163485626 | Email: mosinzhb32@gmail.com
[2025-07-10 21:42:49] INFO: Connected to MongoDB
[2025-07-10 21:45:04] INFO: POST /api/transactions/delete | ID: undefined | Email: undefined
[2025-07-10 21:45:47] INFO: POST /api/transactions/delete | ID: undefined | Email: undefined
[2025-07-10 21:47:41] INFO: POST /api/transactions/delete | ID: 1752163485626 | Email: mosinzhb32@gmail.com
[2025-07-10 21:47:41] INFO: ✅ Transaction deleted | ID: 686fe49d20ef2af7c27ee233
[2025-07-10 21:48:39] INFO: POST /api/transactions/add
[2025-07-10 21:48:39] INFO: ✅ Transaction added | ID: 1752164319285 | Email: mosinzhb32@gmail.com
[2025-07-10 22:00:30] INFO: ➡️ GET /api/transactions/getAllTransaction/mosinzhb32@gmail.com
[2025-07-10 22:00:30] INFO: Found 1 transactions for mosinzhb32@gmail.com
[2025-07-10 22:00:39] INFO: POST /api/transactions/add
[2025-07-10 22:00:39] INFO: ✅ Transaction added | ID: 1752165039507 | Email: mosinzhb32@gmail.com
[2025-07-10 22:00:56] INFO: ➡️ GET /api/transactions/getAllTransaction/mosinzhb32@gmail.com
[2025-07-10 22:00:56] INFO: Found 2 transactions for mosinzhb32@gmail.com
[2025-07-10 22:01:20] INFO: ➡️ GET /api/transactions/getAllTransaction/mosinzhb32@gmail.com
[2025-07-10 22:01:20] INFO: Found 2 transactions for mosinzhb32@gmail.com
[2025-07-10 22:02:30] INFO: POST /api/transactions/add
[2025-07-10 22:02:30] INFO: ✅ Transaction added | ID: 1752165150904 | Email: mosinzhb32@gmail.com
[2025-07-10 22:03:05] INFO: ➡️ GET /api/transactions/getAllTransaction/mosinzhb32@gmail.com
[2025-07-10 22:03:05] INFO: Found 3 transactions for mosinzhb32@gmail.com
[2025-07-10 22:04:13] INFO: POST /api/transactions/add
[2025-07-10 22:04:13] INFO: ✅ Transaction added | ID: 1752165253248 | Email: mosinzhb32@gmail.com
[2025-07-10 22:04:49] INFO: ➡️ GET /api/transactions/getAllTransaction/mosinzhb32@gmail.com
[2025-07-10 22:04:49] INFO: Found 4 transactions for mosinzhb32@gmail.com
[2025-07-10 22:06:29] INFO: POST /api/transactions/add
[2025-07-10 22:06:29] INFO: ✅ Transaction added | ID: 1752165389418 | Email: mosinzhb32@gmail.com
[2025-07-10 22:06:43] INFO: ➡️ GET /api/transactions/getAllTransaction/mosinzhb32@gmail.com
[2025-07-10 22:06:43] INFO: Found 5 transactions for mosinzhb32@gmail.com
[2025-07-10 22:07:39] INFO: POST /api/transactions/add
[2025-07-10 22:07:39] INFO: ✅ Transaction added | ID: 1752165459291 | Email: mosinzhb32@gmail.com
[2025-07-10 22:07:45] INFO: ➡️ GET /api/transactions/getAllTransaction/mosinzhb32@gmail.com
[2025-07-10 22:07:45] INFO: Found 6 transactions for mosinzhb32@gmail.com
[2025-07-10 22:14:25] INFO: ➡️ GET /api/transactions/getAllTransaction/mosinzhb32@gmail.com
[2025-07-10 22:14:25] INFO: Found 6 transactions for mosinzhb32@gmail.com
[2025-07-10 22:15:32] INFO: ➡️ GET /api/transactions/getAllTransaction/mosinzhb32@gmail.com
[2025-07-10 22:15:32] INFO: Found 6 transactions for mosinzhb32@gmail.com
[2025-07-10 22:15:54] INFO: ➡️ GET /api/transactions/getAllTransaction/mosinzhb32@gmail.com
[2025-07-10 22:15:54] INFO: Found 6 transactions for mosinzhb32@gmail.com
[2025-07-10 22:17:26] INFO: ➡️ GET /api/transactions/getAllTransaction/mosinzhb32@gmail.com
[2025-07-10 22:17:26] INFO: Found 6 transactions for mosinzhb32@gmail.com
[2025-07-10 22:18:03] INFO: POST /api/transactions/add
[2025-07-10 22:18:03] INFO: ✅ Transaction added | ID: 1752166083787 | Email: mosinzhb32@gmail.com
[2025-07-10 22:18:30] INFO: ➡️ GET /api/transactions/getAllTransaction/mosinzhb32@gmail.com
[2025-07-10 22:18:30] INFO: Found 7 transactions for mosinzhb32@gmail.com
[2025-07-10 22:21:36] INFO: ➡️ GET /api/transactions/getAllTransaction/mosinzhb32@gmail.com
[2025-07-10 22:21:36] INFO: Found 7 transactions for mosinzhb32@gmail.com
[2025-07-10 22:23:59] INFO: ➡️ GET /api/transactions/getAllTransaction/mosinzhb32@gmail.com
[2025-07-10 22:23:59] INFO: Found 7 transactions for mosinzhb32@gmail.com
[2025-07-10 22:24:10] INFO: ➡️ GET /api/transactions/getAllTransaction/mosinzhb32@gmail.com
[2025-07-10 22:24:11] INFO: Found 7 transactions for mosinzhb32@gmail.com
[2025-07-10 22:24:16] INFO: ➡️ GET /api/transactions/getAllTransaction/mosinzhb32@gmail.com
[2025-07-10 22:24:16] INFO: Found 7 transactions for mosinzhb32@gmail.com
[2025-07-10 22:24:44] INFO: POST /api/transactions/add
[2025-07-10 22:24:44] INFO: ✅ Transaction added | ID: 1752166484943 | Email: mosinzhb32@gmail.com
[2025-07-10 22:28:21] INFO: ➡️ GET /api/transactions/getAllTransaction/mosinzhb32@gmail.com
[2025-07-10 22:28:21] INFO: Found 8 transactions for mosinzhb32@gmail.com
[2025-07-10 22:30:43] INFO: ➡️ GET /api/transactions/getAllTransaction/mosinzhb32@gmail.com
[2025-07-10 22:30:43] INFO: Found 8 transactions for mosinzhb32@gmail.com
[2025-07-10 22:31:54] INFO: ➡️ GET /api/transactions/getAllTransaction/mosinzhb32@gmail.com
[2025-07-10 22:31:54] INFO: Found 8 transactions for mosinzhb32@gmail.com
[2025-07-10 22:35:16] INFO: ➡️ GET /api/transactions/getAllTransaction/mosinzhb32@gmail.com
[2025-07-10 22:35:16] INFO: Found 8 transactions for mosinzhb32@gmail.com
[2025-07-10 22:35:39] INFO: ➡️ GET /api/transactions/getAllTransaction/mosinzhb32@gmail.com
[2025-07-10 22:35:39] INFO: Found 8 transactions for mosinzhb32@gmail.com
[2025-07-10 22:35:45] INFO: ➡️ GET /api/transactions/getAllTransaction/mosinzhb32@gmail.com
[2025-07-10 22:35:45] INFO: Found 8 transactions for mosinzhb32@gmail.com
[2025-07-10 22:37:12] INFO: POST /api/transactions/add
[2025-07-10 22:37:12] INFO: ✅ Transaction added | ID: 1752167232494 | Email: mosinzhb32@gmail.com
[2025-07-10 22:39:21] INFO: ➡️ GET /api/transactions/getAllTransaction/mosinzhb32@gmail.com
[2025-07-10 22:39:21] INFO: Found 9 transactions for mosinzhb32@gmail.com
[2025-07-10 22:39:29] INFO: ➡️ GET /api/transactions/getAllTransaction/mosinzhb32@gmail.com
[2025-07-10 22:39:29] INFO: Found 9 transactions for mosinzhb32@gmail.com
[2025-07-10 22:41:56] INFO: ➡️ GET /api/transactions/getAllTransaction/mosinzhb32@gmail.com
[2025-07-10 22:41:56] INFO: Found 9 transactions for mosinzhb32@gmail.com
[2025-07-10 22:45:48] INFO: POST /api/transactions/add
[2025-07-10 22:45:48] INFO: ✅ Transaction added | ID: 1752167748575 | Email: mosinzhb32@gmail.com
[2025-07-10 22:47:24] INFO: POST /api/transactions/delete | ID: 1752166484943 | Email: mosinzhb32@gmail.com
[2025-07-10 22:47:24] INFO: ✅ Transaction deleted | ID: 686ff054a9cc124580614e9b
[2025-07-10 22:48:03] INFO: ➡️ GET /api/transactions/getAllTransaction/mosinzhb32@gmail.com
[2025-07-10 22:48:03] INFO: Found 9 transactions for mosinzhb32@gmail.com
[2025-07-10 22:48:22] INFO: ➡️ GET /api/transactions/getAllTransaction/mosinzhb32@gmail.com
[2025-07-10 22:48:22] INFO: Found 9 transactions for mosinzhb32@gmail.com
[2025-07-10 22:54:34] INFO: ➡️ GET /api/transactions/getAllTransaction/mosinzhb32@gmail.com
[2025-07-10 22:54:34] INFO: Found 9 transactions for mosinzhb32@gmail.com
[2025-07-10 22:55:27] INFO: PUT /api/transactions/update
[2025-07-10 22:55:27] INFO: ✅ Transaction updated | ID: 686fec53a9cc124580614e8d
[2025-07-10 22:58:27] INFO: ➡️ GET /api/transactions/getAllTransaction/mosinzhb32@gmail.com
[2025-07-10 22:58:27] INFO: Found 9 transactions for mosinzhb32@gmail.com
[2025-07-10 23:01:07] INFO: ➡️ GET /api/transactions/getAllTransaction/mosinzhb32@gmail.com
[2025-07-10 23:01:07] INFO: Found 9 transactions for mosinzhb32@gmail.com
[2025-07-10 23:01:25] INFO: ➡️ GET /api/transactions/getAllTransaction/mosinzhb32@gmail.com
[2025-07-10 23:01:25] INFO: Found 9 transactions for mosinzhb32@gmail.com
[2025-07-10 23:03:27] INFO: ➡️ GET /api/transactions/getAllTransaction/mosinzhb32@gmail.com
[2025-07-10 23:03:27] INFO: Found 9 transactions for mosinzhb32@gmail.com
[2025-07-10 23:05:50] INFO: ➡️ GET /api/transactions/getAllTransaction/mosinzhb32@gmail.com
[2025-07-10 23:05:50] INFO: Found 9 transactions for mosinzhb32@gmail.com
[2025-07-10 23:06:14] INFO: PUT /api/transactions/update
[2025-07-10 23:06:14] INFO: ✅ Transaction updated | ID: 686feb85a9cc124580614e87
[2025-07-10 23:30:21] INFO: Connected to MongoDB
[2025-07-11 09:46:45] INFO: Connected to MongoDB
[2025-07-11 09:48:12] INFO: ➡️ GET /api/transactions/getAllTransaction/mosinzhb32@gmail.com
[2025-07-11 09:48:12] INFO: Found 3 transactions for mosinzhb32@gmail.com
[2025-07-11 09:49:40] INFO: ➡️ GET /api/transactions/getAllTransaction/mosinzhb32@gmail.com
[2025-07-11 09:49:40] INFO: Found 3 transactions for mosinzhb32@gmail.com
[2025-07-11 10:03:34] INFO: ➡️ GET /api/transactions/getAllTransaction/mosinzhb32@gmail.com
[2025-07-11 10:03:34] INFO: Found 3 transactions for mosinzhb32@gmail.com
[2025-07-11 10:04:39] INFO: ➡️ GET /api/transactions/getAllTransaction/mosinzhb32@gmail.com
[2025-07-11 10:04:39] INFO: Found 4 transactions for mosinzhb32@gmail.com
[2025-07-11 10:04:58] INFO: POST /api/transactions/add
[2025-07-11 10:04:58] INFO: ✅ Transaction added | ID: 1752208498682 | Email: mosinzhb32@gmail.com
[2025-07-11 10:06:08] INFO: ➡️ GET /api/transactions/getAllTransaction/mosinzhb32@gmail.com
[2025-07-11 10:06:08] INFO: ➡️ GET /api/transactions/getAllTransaction/Mosin
[2025-07-11 10:06:08] INFO: Found 5 transactions for mosinzhb32@gmail.com
[2025-07-11 10:06:08] INFO: Found 0 transactions for Mosin
[2025-07-11 10:06:14] INFO: ➡️ GET /api/transactions/getAllTransaction/mosinzhb32@gmail.com
[2025-07-11 10:06:14] INFO: Found 5 transactions for mosinzhb32@gmail.com
[2025-07-11 10:06:22] INFO: POST /api/transactions/add
[2025-07-11 10:06:22] INFO: ✅ Transaction added | ID: 1752208582012 | Email: mosinzhb32@gmail.com
[2025-07-11 10:08:48] INFO: ➡️ GET /api/transactions/getAllTransaction/mosinzhb32@gmail.com
[2025-07-11 10:08:48] INFO: ➡️ GET /api/transactions/getAllTransaction/Mosin
[2025-07-11 10:08:48] INFO: Found 6 transactions for mosinzhb32@gmail.com
[2025-07-11 10:08:48] INFO: Found 0 transactions for Mosin
[2025-07-11 10:09:58] INFO: ➡️ GET /api/transactions/getAllTransaction/mosinzhb32@gmail.com
[2025-07-11 10:09:58] INFO: Found 6 transactions for mosinzhb32@gmail.com
[2025-07-11 10:10:07] INFO: ➡️ GET /api/transactions/getAllTransaction/mosinzhb32@gmail.com
[2025-07-11 10:10:07] INFO: Found 6 transactions for mosinzhb32@gmail.com
[2025-07-11 10:10:11] INFO: ➡️ GET /api/transactions/getAllTransaction/mosinzhb32@gmail.com
[2025-07-11 10:10:11] INFO: Found 6 transactions for mosinzhb32@gmail.com
[2025-07-11 10:10:15] INFO: ➡️ GET /api/transactions/getAllTransaction/mosinzhb32@gmail.com
[2025-07-11 10:10:15] INFO: Found 6 transactions for mosinzhb32@gmail.com
[2025-07-11 10:10:27] INFO: POST /api/transactions/delete | ID: 1752208451954 | Email: mosinzhb32@gmail.com
[2025-07-11 10:10:27] INFO: ✅ Transaction deleted | ID: 68709444b1685bbd06ce660b
[2025-07-11 10:10:30] INFO: POST /api/transactions/delete | ID: 1752208582012 | Email: mosinzhb32@gmail.com
[2025-07-11 10:10:30] INFO: ✅ Transaction deleted | ID: 687094c6ce6906098e77fbdf
[2025-07-11 10:10:34] INFO: POST /api/transactions/delete | ID: 1752208498682 | Email: mosinzhb32@gmail.com
[2025-07-11 10:10:34] INFO: ✅ Transaction deleted | ID: 68709472ce6906098e77fbda
[2025-07-11 10:12:06] INFO: POST /api/transactions/add
[2025-07-11 10:12:06] INFO: ✅ Transaction added | ID: 1752208926551 | Email: mosinzhb32@gmail.com
[2025-07-11 10:12:10] INFO: ➡️ GET /api/transactions/getAllTransaction/mosinzhb32@gmail.com
[2025-07-11 10:12:10] INFO: Found 4 transactions for mosinzhb32@gmail.com
[2025-07-11 10:20:18] INFO: ➡️ GET /api/transactions/getAllTransaction/mosinzhb32@gmail.com
[2025-07-11 10:20:18] INFO: ➡️ GET /api/transactions/getAllTransaction/Mosin
[2025-07-11 10:20:18] INFO: Found 4 transactions for mosinzhb32@gmail.com
[2025-07-11 10:20:18] INFO: Found 0 transactions for Mosin
[2025-07-11 10:21:22] INFO: ➡️ GET /api/transactions/getAllTransaction/mosinzhb32@gmail.com
[2025-07-11 10:21:22] INFO: Found 4 transactions for mosinzhb32@gmail.com
[2025-07-11 10:25:19] INFO: ➡️ GET /api/transactions/getAllTransaction/mosinzhb32@gmail.com
[2025-07-11 10:25:19] INFO: Found 4 transactions for mosinzhb32@gmail.com
[2025-07-11 10:25:24] INFO: POST /api/transactions/add
[2025-07-11 10:25:24] ERROR: Error saving transaction: Transaction validation failed: date: Cast to date failed for value "Invalid Date" (type Date) at path "date"
[2025-07-11 10:27:28] INFO: ➡️ GET /api/transactions/getAllTransaction/mosinzhb32@gmail.com
[2025-07-11 10:27:28] INFO: ➡️ GET /api/transactions/getAllTransaction/Mosin
[2025-07-11 10:27:28] INFO: Found 4 transactions for mosinzhb32@gmail.com
[2025-07-11 10:27:28] INFO: Found 0 transactions for Mosin
[2025-07-11 10:29:46] INFO: Connected to MongoDB
[2025-07-11 10:33:06] INFO: ➡️ GET /api/transactions/getAllTransaction/mosinzhb32@gmail.com
[2025-07-11 10:33:06] INFO: Found 4 transactions for mosinzhb32@gmail.com
[2025-07-11 10:33:40] INFO: POST /api/transactions/add
[2025-07-11 10:33:40] INFO: ✅ Transaction added | ID: 1752210220879 | Email: mosinzhb32@gmail.com
[2025-07-11 10:42:06] INFO: ➡️ GET /api/transactions/getAllTransaction/mosinzhb32@gmail.com
[2025-07-11 10:42:06] INFO: Found 5 transactions for mosinzhb32@gmail.com
[2025-07-11 10:42:17] INFO: POST /api/transactions/add
[2025-07-11 10:42:18] INFO: ✅ Transaction added | ID: 1752210737960 | Email: mosinzhb32@gmail.com
[2025-07-11 10:42:21] INFO: ➡️ GET /api/transactions/getAllTransaction/mosinzhb32@gmail.com
[2025-07-11 10:42:21] INFO: Found 6 transactions for mosinzhb32@gmail.com
[2025-07-11 10:43:59] INFO: ➡️ GET /api/transactions/getAllTransaction/mosinzhb32@gmail.com
[2025-07-11 10:43:59] INFO: Found 6 transactions for mosinzhb32@gmail.com
[2025-07-11 10:45:03] INFO: PUT /api/transactions/update
[2025-07-11 10:45:03] INFO: ✅ Transaction updated | ID: 68709b2cde776a5c04d7ffc1
[2025-07-11 10:45:25] INFO: ➡️ GET /api/transactions/getAllTransaction/mosinzhb32@gmail.com
[2025-07-11 10:45:25] INFO: Found 6 transactions for mosinzhb32@gmail.com
[2025-07-11 10:45:32] INFO: POST /api/transactions/delete | ID: 1752210220879 | Email: mosinzhb32@gmail.com
[2025-07-11 10:45:32] INFO: ✅ Transaction deleted | ID: 68709b2cde776a5c04d7ffc1
[2025-07-11 10:45:35] INFO: POST /api/transactions/delete | ID: 1752210737960 | Email: mosinzhb32@gmail.com
[2025-07-11 10:45:35] INFO: ✅ Transaction deleted | ID: 68709d31de776a5c04d7ffc4
[2025-07-11 10:45:41] INFO: POST /api/transactions/add
[2025-07-11 10:45:41] INFO: ✅ Transaction added | ID: 1752210941867 | Email: mosinzhb32@gmail.com
[2025-07-11 10:45:49] INFO: ➡️ GET /api/transactions/getAllTransaction/mosinzhb32@gmail.com
[2025-07-11 10:45:49] INFO: Found 5 transactions for mosinzhb32@gmail.com
[2025-07-11 10:48:50] INFO: Connected to MongoDB
[2025-07-11 10:49:07] INFO: POST /api/transactions/add
[2025-07-11 10:49:07] INFO: ✅ Transaction added | ID: 1752211147621 | Email: mosinzhb32@gmail.com
[2025-07-11 10:49:17] INFO: ➡️ GET /api/transactions/getAllTransaction/mosinzhb32@gmail.com
[2025-07-11 10:49:17] INFO: Found 6 transactions for mosinzhb32@gmail.com
[2025-07-11 10:49:27] INFO: POST /api/transactions/delete | ID: 1752210941867 | Email: mosinzhb32@gmail.com
[2025-07-11 10:49:27] INFO: ✅ Transaction deleted | ID: 68709dfdde776a5c04d7ffcc
[2025-07-11 11:16:29] INFO: Connected to MongoDB
[2025-07-11 11:17:05] INFO: ➡️ GET /api/transactions/getAllTransaction/mosinzhb32@gmail.com
[2025-07-11 11:17:05] INFO: Found 4 transactions for mosinzhb32@gmail.com
[2025-07-11 11:34:07] INFO: ➡️ GET /api/transactions/getAllTransaction/mosinzhb32@gmail.com
[2025-07-11 11:34:07] INFO: Found 4 transactions for mosinzhb32@gmail.com
[2025-07-11 11:35:29] INFO: ➡️ GET /api/transactions/getAllTransaction/mosinzhb32@gmail.com
[2025-07-11 11:35:29] INFO: Found 4 transactions for mosinzhb32@gmail.com
[2025-07-11 11:37:21] INFO: POST /api/transactions/delete | ID: 1752211673020 | Email: mosinzhb32@gmail.com
[2025-07-11 11:37:21] INFO: ✅ Transaction deleted | ID: 6870a0daab666885f0436951
[2025-07-11 11:37:24] INFO: POST /api/transactions/delete | ID: 1752171264764 | Email: mosinzhb32@gmail.com
[2025-07-11 11:37:24] INFO: ✅ Transaction deleted | ID: 687003010ca574785560e880
[2025-07-11 11:37:28] INFO: POST /api/transactions/delete | ID: 1752171251956 | Email: mosinzhb32@gmail.com
[2025-07-11 11:37:28] INFO: ✅ Transaction deleted | ID: 687002f40ca574785560e87e
[2025-07-11 11:37:31] INFO: POST /api/transactions/delete | ID: 1752171225380 | Email: mosinzhb32@gmail.com
[2025-07-11 11:37:31] INFO: ✅ Transaction deleted | ID: 687002da0ca574785560e87c
[2025-07-11 11:37:43] INFO: POST /api/transactions/add
[2025-07-11 11:37:43] INFO: ✅ Transaction added | ID: 1752214063537 | Email: mosinzhb32@gmail.com
[2025-07-11 11:37:50] INFO: PUT /api/transactions/update
[2025-07-11 11:37:50] INFO: ✅ Transaction updated | ID: 6870aa2f842e3e18bae593d2
[2025-07-11 11:41:32] INFO: ➡️ GET /api/transactions/getAllTransaction/mosinzhb32@gmail.com
[2025-07-11 11:41:32] INFO: Found 1 transactions for mosinzhb32@gmail.com
[2025-07-11 11:41:57] INFO: POST /api/transactions/add
[2025-07-11 11:41:57] INFO: ✅ Transaction added | ID: 1752214317691 | Email: mosinzhb32@gmail.com
[2025-07-11 11:43:26] INFO: ➡️ GET /api/transactions/getAllTransaction/mosinzhb32@gmail.com
[2025-07-11 11:43:26] INFO: ➡️ GET /api/transactions/getAllTransaction/Mosin
[2025-07-11 11:43:26] INFO: Found 2 transactions for mosinzhb32@gmail.com
[2025-07-11 11:43:26] INFO: Found 0 transactions for Mosin
[2025-07-11 11:43:56] INFO: ➡️ GET /api/transactions/getAllTransaction/mosinzhb32@gmail.com
[2025-07-11 11:43:56] INFO: Found 2 transactions for mosinzhb32@gmail.com
[2025-07-11 11:44:09] INFO: POST /api/transactions/delete | ID: 1752214063537 | Email: mosinzhb32@gmail.com
[2025-07-11 11:44:09] INFO: ✅ Transaction deleted | ID: 6870aa2f842e3e18bae593d2
[2025-07-11 11:44:12] INFO: POST /api/transactions/delete | ID: 1752214317691 | Email: mosinzhb32@gmail.com
[2025-07-11 11:44:12] INFO: ✅ Transaction deleted | ID: 6870ab2d842e3e18bae593d6
[2025-07-11 11:44:19] INFO: POST /api/transactions/add
[2025-07-11 11:44:19] INFO: ✅ Transaction added | ID: 1752214459184 | Email: mosinzhb32@gmail.com
[2025-07-11 11:44:26] INFO: POST /api/transactions/add
[2025-07-11 11:44:26] INFO: ✅ Transaction added | ID: 1752214466729 | Email: mosinzhb32@gmail.com
[2025-07-11 11:44:33] INFO: ➡️ GET /api/transactions/getAllTransaction/mosinzhb32@gmail.com
[2025-07-11 11:44:33] INFO: Found 2 transactions for mosinzhb32@gmail.com
[2025-07-11 11:44:38] INFO: ➡️ GET /api/transactions/getAllTransaction/mosinzhb32@gmail.com
[2025-07-11 11:44:38] INFO: Found 2 transactions for mosinzhb32@gmail.com
[2025-07-11 11:46:29] INFO: PUT /api/transactions/update
[2025-07-11 11:46:29] INFO: ✅ Transaction updated | ID: 6870abc2842e3e18bae593df
[2025-07-11 11:47:16] INFO: ➡️ GET /api/transactions/getAllTransaction/mosinzhb32@gmail.com
[2025-07-11 11:47:16] INFO: Found 2 transactions for mosinzhb32@gmail.com
[2025-07-11 11:48:08] INFO: PUT /api/transactions/update
[2025-07-11 11:48:08] INFO: ✅ Transaction updated | ID: 6870abc2842e3e18bae593df
[2025-07-11 11:48:47] INFO: POST /api/transactions/delete | ID: 1752214466729 | Email: mosinzhb32@gmail.com
[2025-07-11 11:48:47] INFO: ✅ Transaction deleted | ID: 6870abc2842e3e18bae593df
[2025-07-11 11:48:50] INFO: POST /api/transactions/delete | ID: 1752214459184 | Email: mosinzhb32@gmail.com
[2025-07-11 11:48:50] INFO: ✅ Transaction deleted | ID: 6870abbb842e3e18bae593dd
[2025-07-11 11:48:59] INFO: POST /api/transactions/add
[2025-07-11 11:48:59] INFO: ✅ Transaction added | ID: 1752214739663 | Email: mosinzhb32@gmail.com
[2025-07-11 11:49:14] INFO: POST /api/transactions/add
[2025-07-11 11:49:14] INFO: ✅ Transaction added | ID: 1752214754156 | Email: mosinzhb32@gmail.com
[2025-07-11 11:53:49] INFO: ➡️ GET /api/transactions/getAllTransaction/mosinzhb32@gmail.com
[2025-07-11 11:53:49] INFO: Found 2 transactions for mosinzhb32@gmail.com
[2025-07-11 11:55:00] INFO: ➡️ GET /api/transactions/getAllTransaction/mosinzhb32@gmail.com
[2025-07-11 11:55:00] INFO: Found 2 transactions for mosinzhb32@gmail.com
[2025-07-11 11:55:23] INFO: POST /api/transactions/add
[2025-07-11 11:55:23] INFO: ✅ Transaction added | ID: 1752215123539 | Email: mosinzhb32@gmail.com
[2025-07-11 11:56:38] INFO: ➡️ GET /api/transactions/getAllTransaction/mosinzhb32@gmail.com
[2025-07-11 11:56:38] INFO: Found 3 transactions for mosinzhb32@gmail.com
[2025-07-11 11:57:24] INFO: POST /api/transactions/add
[2025-07-11 11:57:25] INFO: ✅ Transaction added | ID: 1752215245003 | Email: mosinzhb32@gmail.com
[2025-07-11 11:59:20] INFO: ➡️ GET /api/transactions/getAllTransaction/mosinzhb32@gmail.com
[2025-07-11 11:59:20] INFO: ➡️ GET /api/transactions/getAllTransaction/Mosin
[2025-07-11 11:59:20] INFO: Found 4 transactions for mosinzhb32@gmail.com
[2025-07-11 11:59:20] INFO: Found 0 transactions for Mosin
[2025-07-11 12:00:13] INFO: ➡️ GET /api/transactions/getAllTransaction/mosinzhb32@gmail.com
[2025-07-11 12:00:13] INFO: Found 4 transactions for mosinzhb32@gmail.com
[2025-07-11 12:01:48] INFO: ➡️ GET /api/transactions/getAllTransaction/mosinzhb32@gmail.com
[2025-07-11 12:01:48] INFO: ➡️ GET /api/transactions/getAllTransaction/Mosin
[2025-07-11 12:01:48] INFO: Found 4 transactions for mosinzhb32@gmail.com
[2025-07-11 12:01:48] INFO: Found 0 transactions for Mosin
[2025-07-11 12:02:03] INFO: ➡️ GET /api/transactions/getAllTransaction/mosinzhb32@gmail.com
[2025-07-11 12:02:03] INFO: Found 4 transactions for mosinzhb32@gmail.com
[2025-07-11 12:02:39] INFO: ➡️ GET /api/transactions/getAllTransaction/mosinzhb32@gmail.com
[2025-07-11 12:02:39] INFO: Found 4 transactions for mosinzhb32@gmail.com
[2025-07-11 12:02:48] INFO: POST /api/transactions/add
[2025-07-11 12:02:48] INFO: ✅ Transaction added | ID: 1752215568260 | Email: mosinzhb32@gmail.com
[2025-07-11 12:10:16] INFO: ➡️ GET /api/transactions/getAllTransaction/mosinzhb32@gmail.com
[2025-07-11 12:10:16] INFO: Found 5 transactions for mosinzhb32@gmail.com
[2025-07-11 12:10:25] INFO: POST /api/transactions/delete | ID: 1752215123539 | Email: mosinzhb32@gmail.com
[2025-07-11 12:10:25] INFO: ✅ Transaction deleted | ID: 6870ae53842e3e18bae593ee
[2025-07-11 12:10:28] INFO: POST /api/transactions/delete | ID: 1752214754156 | Email: mosinzhb32@gmail.com
[2025-07-11 12:10:28] INFO: ✅ Transaction deleted | ID: 6870ace2842e3e18bae593ea
[2025-07-11 12:10:30] INFO: POST /api/transactions/delete | ID: 1752215245003 | Email: mosinzhb32@gmail.com
[2025-07-11 12:10:30] INFO: ✅ Transaction deleted | ID: 6870aecc842e3e18bae593f1
[2025-07-11 12:10:33] INFO: POST /api/transactions/delete | ID: 1752214739663 | Email: mosinzhb32@gmail.com
[2025-07-11 12:10:33] INFO: ✅ Transaction deleted | ID: 6870acd3842e3e18bae593e8
[2025-07-11 12:10:36] INFO: POST /api/transactions/delete | ID: 1752215568260 | Email: mosinzhb32@gmail.com
[2025-07-11 12:10:36] INFO: ✅ Transaction deleted | ID: 6870b010842e3e18bae593fa
[2025-07-11 12:10:43] INFO: POST /api/transactions/add
[2025-07-11 12:10:43] INFO: ✅ Transaction added | ID: 1752216043488 | Email: mosinzhb32@gmail.com
[2025-07-11 12:10:50] INFO: POST /api/transactions/add
[2025-07-11 12:10:50] INFO: ✅ Transaction added | ID: 1752216050353 | Email: mosinzhb32@gmail.com
[2025-07-11 12:11:36] INFO: ➡️ GET /api/transactions/getAllTransaction/mosinzhb32@gmail.com
[2025-07-11 12:11:36] INFO: Found 2 transactions for mosinzhb32@gmail.com
[2025-07-11 12:13:04] INFO: ➡️ GET /api/transactions/getAllTransaction/mosinzhb32@gmail.com
[2025-07-11 12:13:04] INFO: ➡️ GET /api/transactions/getAllTransaction/Mosin
[2025-07-11 12:13:04] INFO: Found 2 transactions for mosinzhb32@gmail.com
[2025-07-11 12:13:04] INFO: Found 0 transactions for Mosin
[2025-07-11 12:14:08] INFO: ➡️ GET /api/transactions/getAllTransaction/mosinzhb32@gmail.com
[2025-07-11 12:14:08] INFO: Found 2 transactions for mosinzhb32@gmail.com
[2025-07-11 12:14:26] INFO: ➡️ GET /api/transactions/getAllTransaction/mosinzhb32@gmail.com
[2025-07-11 12:14:26] INFO: Found 2 transactions for mosinzhb32@gmail.com
[2025-07-11 12:14:34] INFO: ➡️ GET /api/transactions/getAllTransaction/mosinzhb32@gmail.com
[2025-07-11 12:14:34] INFO: Found 2 transactions for mosinzhb32@gmail.com
[2025-07-11 12:14:46] INFO: POST /api/transactions/add
[2025-07-11 12:14:46] INFO: ✅ Transaction added | ID: 1752216286567 | Email: mosinzhb32@gmail.com
[2025-07-11 12:15:54] INFO: ➡️ GET /api/transactions/getAllTransaction/mosinzhb32@gmail.com
[2025-07-11 12:15:54] INFO: Found 3 transactions for mosinzhb32@gmail.com
[2025-07-11 12:16:51] INFO: ➡️ GET /api/transactions/getAllTransaction/mosinzhb32@gmail.com
[2025-07-11 12:16:51] INFO: Found 3 transactions for mosinzhb32@gmail.com
[2025-07-11 12:16:56] INFO: POST /api/transactions/add
[2025-07-11 12:16:56] INFO: ✅ Transaction added | ID: 1752216416672 | Email: mosinzhb32@gmail.com
[2025-07-11 12:19:41] INFO: POST /api/transactions/delete | ID: 1752216416672 | Email: mosinzhb32@gmail.com
[2025-07-11 12:19:41] INFO: ✅ Transaction deleted | ID: 6870b360842e3e18bae59410
[2025-07-11 12:19:44] INFO: POST /api/transactions/delete | ID: 1752216286567 | Email: mosinzhb32@gmail.com
[2025-07-11 12:19:44] INFO: ✅ Transaction deleted | ID: 6870b2de842e3e18bae5940c
[2025-07-11 12:19:49] INFO: POST /api/transactions/delete | ID: 1752216050353 | Email: mosinzhb32@gmail.com
[2025-07-11 12:19:49] INFO: ✅ Transaction deleted | ID: 6870b1f2842e3e18bae59404
[2025-07-11 12:19:52] INFO: POST /api/transactions/delete | ID: 1752216043488 | Email: mosinzhb32@gmail.com
[2025-07-11 12:19:52] INFO: ✅ Transaction deleted | ID: 6870b1eb842e3e18bae59402
[2025-07-11 12:20:04] INFO: POST /api/transactions/add
[2025-07-11 12:20:04] INFO: ✅ Transaction added | ID: 1752216604068 | Email: mosinzhb32@gmail.com
[2025-07-11 12:20:12] INFO: POST /api/transactions/add
[2025-07-11 12:20:13] INFO: ✅ Transaction added | ID: 1752216612973 | Email: mosinzhb32@gmail.com
[2025-07-11 12:28:38] INFO: Connected to MongoDB
[2025-07-11 12:28:41] INFO: ➡️ GET /api/transactions/getAllTransaction/mosinzhb32@gmail.com
[2025-07-11 12:28:41] INFO: ➡️ GET /api/transactions/getAllTransaction/Mosin
[2025-07-11 12:28:41] INFO: Found 2 transactions for mosinzhb32@gmail.com
[2025-07-11 12:28:41] INFO: Found 0 transactions for Mosin
[2025-07-11 12:28:44] INFO: ➡️ GET /api/transactions/getAllTransaction/mosinzhb32@gmail.com
[2025-07-11 12:28:44] INFO: Found 2 transactions for mosinzhb32@gmail.com
[2025-07-11 12:28:46] INFO: ➡️ GET /api/transactions/getAllTransaction/mosinzhb32@gmail.com
[2025-07-11 12:28:46] INFO: Found 2 transactions for mosinzhb32@gmail.com
[2025-07-11 12:32:18] INFO: ➡️ GET /api/transactions/getAllTransaction/mosinzhb32@gmail.com
[2025-07-11 12:32:18] INFO: Found 2 transactions for mosinzhb32@gmail.com
[2025-07-11 14:07:52] INFO: Connected to MongoDB
[2025-07-11 14:10:45] INFO: Connected to MongoDB
[2025-07-11 14:11:07] INFO: Connected to MongoDB
[2025-07-11 14:13:25] INFO: Connected to MongoDB
[2025-07-11 14:20:26] INFO: Connected to MongoDB
[2025-07-11 14:21:19] INFO: Connected to MongoDB
[2025-07-11 14:22:00] INFO: Connected to MongoDB
[2025-07-11 14:22:57] INFO: Connected to MongoDB
[2025-07-11 14:32:24] INFO: Connected to MongoDB
[2025-07-11 14:39:36] INFO: ➡️ GET /api/transactions/getAllTransaction/mosinzhb32@gmail.com
[2025-07-11 14:39:36] INFO: Found 3 transactions for mosinzhb32@gmail.com
[2025-07-11 14:39:48] INFO: ➡️ GET /api/transactions/getAllTransaction/mosinzhb32@gmail.com
[2025-07-11 14:39:48] INFO: Found 3 transactions for mosinzhb32@gmail.com
[2025-07-11 15:19:37] INFO: ➡️ GET /api/transactions/getAllTransaction/mosinzhb32@gmail.com
[2025-07-11 15:19:37] INFO: Found 3 transactions for mosinzhb32@gmail.com
[2025-07-11 15:19:49] INFO: ➡️ GET /api/transactions/getAllTransaction/mosinzhb32@gmail.com
[2025-07-11 15:19:49] INFO: Found 3 transactions for mosinzhb32@gmail.com
[2025-07-11 15:19:57] INFO: POST /api/transactions/delete | ID: 1752223645914 | Email: mosinzhb32@gmail.com
[2025-07-11 15:19:57] INFO: ✅ Transaction deleted | ID: 6870cf9e8512fb6504803ead
[2025-07-11 15:21:32] INFO: POST /api/transactions/add
[2025-07-11 15:21:32] INFO: ✅ Transaction added | ID: 1752227492506 | Email: mosinzhb32@gmail.com
[2025-07-11 15:23:45] INFO: Connected to MongoDB
[2025-07-11 15:23:47] INFO: Connected to MongoDB
[2025-07-11 15:24:45] INFO: Connected to MongoDB
[2025-07-11 15:25:23] INFO: Connected to MongoDB
[2025-07-11 15:25:38] INFO: Connected to MongoDB
[2025-07-11 15:25:49] INFO: POST /api/transactions/add
[2025-07-11 15:27:41] INFO: POST /api/transactions/add
[2025-07-11 15:29:12] INFO: ➡️ GET /api/transactions/getAllTransaction/mosinzhb32@gmail.com
[2025-07-11 15:29:12] INFO: ➡️ GET /api/transactions/getAllTransaction/Mosin
[2025-07-11 15:29:12] INFO: Found 3 transactions for mosinzhb32@gmail.com
[2025-07-11 15:29:12] INFO: Found 0 transactions for Mosin
[2025-07-11 15:29:21] INFO: POST /api/transactions/add
[2025-07-11 15:32:27] INFO: ➡️ GET /api/transactions/getAllTransaction/mosinzhb32@gmail.com
[2025-07-11 15:32:27] INFO: Found 3 transactions for mosinzhb32@gmail.com
[2025-07-11 15:34:51] INFO: ➡️ GET /api/transactions/getAllTransaction/mosinzhb32@gmail.com
[2025-07-11 15:34:51] INFO: Found 3 transactions for mosinzhb32@gmail.com
[2025-07-11 15:35:03] INFO: POST /api/transactions/add
[2025-07-11 15:40:43] INFO: Connected to MongoDB
[2025-07-11 15:44:14] INFO: Connected to MongoDB
[2025-07-11 15:44:59] INFO: Connected to MongoDB
[2025-07-11 15:46:45] INFO: ➡️ GET /api/transactions/getAllTransaction/mosinzhb32@gmail.com
[2025-07-11 15:46:45] INFO: ➡️ GET /api/transactions/getAllTransaction/Mosin
[2025-07-11 15:46:45] INFO: Found 0 transactions for Mosin
[2025-07-11 15:46:45] INFO: Found 3 transactions for mosinzhb32@gmail.com
[2025-07-11 15:49:10] INFO: ➡️ GET /api/transactions/getAllTransaction/mosinzhb32@gmail.com
[2025-07-11 15:49:10] INFO: ➡️ GET /api/transactions/getAllTransaction/Mosin
[2025-07-11 15:49:10] INFO: Found 0 transactions for Mosin
[2025-07-11 15:49:10] INFO: Found 3 transactions for mosinzhb32@gmail.com
[2025-07-11 15:54:12] INFO: Connected to MongoDB
[2025-07-11 15:54:23] INFO: Connected to MongoDB
[2025-07-11 15:55:12] INFO: ➡️ GET /api/transactions/getAllTransaction/mosinzhb32@gmail.com
[2025-07-11 15:55:12] INFO: ➡️ GET /api/transactions/getAllTransaction/Mosin
[2025-07-11 15:55:12] INFO: Found 3 transactions for mosinzhb32@gmail.com
[2025-07-11 15:55:12] INFO: Found 0 transactions for Mosin
[2025-07-11 15:55:31] INFO: ➡️ GET /api/transactions/getAllTransaction/mosinzhb32@gmail.com
[2025-07-11 15:55:31] INFO: Found 3 transactions for mosinzhb32@gmail.com
[2025-07-11 15:57:36] INFO: ➡️ GET /api/transactions/getAllTransaction/mosinzhb32@gmail.com
[2025-07-11 15:57:36] INFO: ➡️ GET /api/transactions/getAllTransaction/Mosin
[2025-07-11 15:57:36] INFO: Found 3 transactions for mosinzhb32@gmail.com
[2025-07-11 15:57:36] INFO: Found 0 transactions for Mosin
[2025-07-11 15:58:34] INFO: Connected to MongoDB
[2025-07-11 15:59:05] INFO: Connected to MongoDB
[2025-07-11 15:59:45] INFO: Connected to MongoDB
[2025-07-11 15:59:58] INFO: Connected to MongoDB
[2025-07-11 16:00:16] INFO: POST /api/transactions/add
[2025-07-11 16:04:14] INFO: ➡️ GET /api/transactions/getAllTransaction/mosinzhb32@gmail.com
[2025-07-11 16:04:14] INFO: Found 3 transactions for mosinzhb32@gmail.com
[2025-07-11 16:04:54] INFO: ➡️ GET /api/transactions/getAllTransaction/mosinzhb32@gmail.com
[2025-07-11 16:04:54] INFO: Found 3 transactions for mosinzhb32@gmail.com
[2025-07-11 16:05:00] INFO: POST /api/transactions/add
[2025-07-11 16:06:49] INFO: ➡️ GET /api/transactions/getAllTransaction/mosinzhb32@gmail.com
[2025-07-11 16:06:49] INFO: Found 3 transactions for mosinzhb32@gmail.com
[2025-07-11 16:07:17] INFO: POST /api/transactions/add
[2025-07-11 16:09:17] INFO: ➡️ GET /api/transactions/getAllTransaction/mosinzhb32@gmail.com
[2025-07-11 16:09:17] INFO: ➡️ GET /api/transactions/getAllTransaction/Mosin
[2025-07-11 16:09:17] INFO: Found 3 transactions for mosinzhb32@gmail.com
[2025-07-11 16:09:17] INFO: Found 0 transactions for Mosin
[2025-07-11 16:14:42] INFO: ➡️ GET /api/transactions/getAllTransaction/mosinzhb32@gmail.com
[2025-07-11 16:14:42] INFO: Found 3 transactions for mosinzhb32@gmail.com
[2025-07-11 16:14:51] INFO: POST /api/transactions/add
[2025-07-11 16:16:27] INFO: Connected to MongoDB
[2025-07-11 16:16:35] INFO: POST /api/transactions/add
[2025-07-13 22:53:32] INFO: Connected to MongoDB
[2025-07-13 22:53:58] INFO: ➡️ GET /api/transactions/getAllTransaction/mosinzhb32@gmail.com
[2025-07-13 22:53:58] INFO: Found 14 transactions for mosinzhb32@gmail.com
[2025-07-13 22:55:18] INFO: Register OTP request for: msitservices15@gmail.com
[2025-07-13 22:55:18] INFO: OTP generated: 917465, expires at: Sun Jul 13 2025 23:05:18 GMT+0530 (India Standard Time)
[2025-07-13 22:55:22] INFO: OTP sent to: msitservices15@gmail.com
[2025-07-13 22:55:35] INFO: Verifying registration OTP for: msitservices15@gmail.com
[2025-07-13 22:55:35] INFO: Registration complete for: msitservices15@gmail.com
[2025-07-13 22:55:46] INFO: Login OTP request for: msitservices15@gmail.com
[2025-07-13 22:55:49] INFO: Login OTP sent to: msitservices15@gmail.com
[2025-07-13 22:55:59] INFO: Verifying login OTP for: msitservices15@gmail.com
[2025-07-13 22:55:59] INFO: Login successful for: msitservices15@gmail.com
[2025-07-13 23:06:51] INFO: Connected to MongoDB
[2025-07-13 23:07:18] INFO: ➡️ GET /api/transactions/getAllTransaction/msitservices15@gmail.com
[2025-07-13 23:07:18] INFO: Found 0 transactions for msitservices15@gmail.com
[2025-07-13 23:21:00] INFO: ➡️ GET /api/transactions/getAllTransaction/msitservices15@gmail.com
[2025-07-13 23:21:00] INFO: Found 0 transactions for msitservices15@gmail.com
[2025-07-13 23:28:55] INFO: POST /api/transactions/add
[2025-07-13 23:29:06] INFO: POST /api/transactions/add
[2025-07-13 23:33:02] INFO: POST /api/transactions/add
[2025-07-13 23:35:05] INFO: ➡️ GET /api/transactions/getAllTransaction/msitservices15@gmail.com
[2025-07-13 23:35:05] INFO: Found 0 transactions for msitservices15@gmail.com
[2025-07-13 23:35:47] INFO: POST /api/transactions/add
[2025-07-13 23:36:03] INFO: ➡️ GET /api/transactions/getAllTransaction/msitservices15@gmail.com
[2025-07-13 23:36:03] INFO: Found 0 transactions for msitservices15@gmail.com
[2025-07-13 23:36:20] INFO: ➡️ GET /api/transactions/getAllTransaction/msitservices15@gmail.com
[2025-07-13 23:36:20] INFO: Found 0 transactions for msitservices15@gmail.com
[2025-07-13 23:36:41] INFO: POST /api/transactions/add
[2025-07-13 23:38:23] INFO: ➡️ GET /api/transactions/getAllTransaction/msitservices15@gmail.com
[2025-07-13 23:38:23] INFO: Found 0 transactions for msitservices15@gmail.com
[2025-07-13 23:39:05] INFO: ➡️ GET /api/transactions/getAllTransaction/msitservices15@gmail.com
[2025-07-13 23:39:05] INFO: Found 0 transactions for msitservices15@gmail.com
[2025-07-13 23:39:23] INFO: POST /api/transactions/add
[2025-07-13 23:41:13] INFO: Connected to MongoDB
[2025-07-13 23:42:33] INFO: Connected to MongoDB
[2025-07-13 23:42:45] INFO: POST /api/transactions/add
[2025-07-13 23:42:45] ERROR: Decryption failed: Unsupported state or unable to authenticate data
[2025-07-13 23:44:47] INFO: Connected to MongoDB
[2025-07-13 23:44:54] INFO: POST /api/transactions/add
[2025-07-13 23:44:54] ERROR: Decryption failed: Unsupported state or unable to authenticate data
[2025-07-13 23:46:04] INFO: Connected to MongoDB
[2025-07-13 23:46:08] INFO: POST /api/transactions/add
[2025-07-13 23:46:08] INFO: [object Object]
[2025-07-13 23:46:08] ERROR: Decryption failed: Unsupported state or unable to authenticate data
[2025-07-13 23:47:39] INFO: ➡️ GET /api/transactions/getAllTransaction/msitservices15@gmail.com
[2025-07-13 23:47:39] INFO: Found 0 transactions for msitservices15@gmail.com
[2025-07-13 23:47:53] INFO: POST /api/transactions/add
[2025-07-13 23:47:53] INFO: [object Object]
[2025-07-13 23:47:53] ERROR: Decryption failed: Unsupported state or unable to authenticate data
[2025-07-13 23:49:22] INFO: ➡️ GET /api/transactions/getAllTransaction/msitservices15@gmail.com
[2025-07-13 23:49:22] INFO: Found 0 transactions for msitservices15@gmail.com
[2025-07-13 23:49:32] INFO: POST /api/transactions/add
[2025-07-13 23:49:32] INFO: [object Object]
[2025-07-13 23:49:32] ERROR: Decryption failed: Unsupported state or unable to authenticate data
[2025-07-13 23:50:37] INFO: Connected to MongoDB
[2025-07-13 23:50:45] INFO: POST /api/transactions/add
[2025-07-13 23:50:45] INFO: Decrypting payload...
[2025-07-13 23:50:45] INFO: IV length:
[2025-07-13 23:50:45] INFO: Ciphertext length:
[2025-07-13 23:50:45] ERROR: Decryption failed: Unsupported state or unable to authenticate data
[2025-07-13 23:51:35] INFO: Connected to MongoDB
[2025-07-13 23:52:02] INFO: POST /api/transactions/add
[2025-07-13 23:52:02] INFO: Decrypting payload...
[2025-07-13 23:52:02] INFO: Full Payload:
[2025-07-13 23:52:02] INFO: IV length:
[2025-07-13 23:52:02] INFO: Ciphertext length:
[2025-07-13 23:52:02] ERROR: Decryption failed: Unsupported state or unable to authenticate data
[2025-07-13 23:52:28] INFO: POST /api/transactions/add
[2025-07-13 23:52:28] INFO: Decrypting payload...
[2025-07-13 23:52:28] INFO: Full Payload:
[2025-07-13 23:52:28] INFO: IV length:
[2025-07-13 23:52:28] INFO: Ciphertext length:
[2025-07-13 23:52:28] ERROR: Decryption failed: Unsupported state or unable to authenticate data
[2025-07-13 23:52:40] INFO: Connected to MongoDB
[2025-07-13 23:52:49] INFO: POST /api/transactions/add
[2025-07-13 23:52:49] INFO: Decrypting payload...
[2025-07-13 23:52:49] INFO: Full Payload:
[2025-07-13 23:52:49] INFO: IV length:
[2025-07-13 23:52:49] INFO: Ciphertext length:
[2025-07-13 23:52:49] ERROR: Decryption failed: Unsupported state or unable to authenticate data
[2025-07-13 23:55:05] INFO: Connected to MongoDB
[2025-07-13 23:55:10] INFO: POST /api/transactions/add
[2025-07-13 23:55:10] INFO: Decrypting payload...
[2025-07-13 23:55:10] INFO: Full Payload:
[2025-07-13 23:55:10] INFO: IV length:
[2025-07-13 23:55:10] INFO: Ciphertext length:
[2025-07-13 23:55:10] ERROR: Decryption failed: Unsupported state or unable to authenticate data
[2025-07-13 23:56:46] INFO: Connected to MongoDB
[2025-07-13 23:59:29] INFO: Connected to MongoDB
[2025-07-14 00:00:38] INFO: Connected to MongoDB
[2025-07-14 00:03:12] INFO: Login OTP request for: msitservices15@gmail.com
[2025-07-14 00:03:15] INFO: Login OTP sent to: msitservices15@gmail.com
[2025-07-14 00:03:23] INFO: Verifying login OTP for: msitservices15@gmail.com
[2025-07-14 00:03:23] INFO: Login successful for: msitservices15@gmail.com
[2025-07-14 00:03:31] INFO: ➡️ GET /api/transactions/getAllTransaction/msitservices15@gmail.com
[2025-07-14 00:03:31] INFO: Found 0 transactions for msitservices15@gmail.com
[2025-07-14 00:03:39] INFO: POST /api/transactions/add
[2025-07-14 00:03:39] INFO: Raw body:
[2025-07-14 00:05:33] INFO: Connected to MongoDB
[2025-07-14 00:05:42] INFO: POST /api/transactions/add
[2025-07-14 00:05:42] INFO: Raw body:
[2025-07-14 00:05:42] INFO: Decrypting base64 payload...
[2025-07-14 00:05:42] ERROR: Decryption failed: Unsupported state or unable to authenticate data
[2025-07-14 00:06:49] INFO: ➡️ GET /api/transactions/getAllTransaction/msitservices15@gmail.com
[2025-07-14 00:06:49] INFO: Found 0 transactions for msitservices15@gmail.com
[2025-07-14 00:07:09] INFO: Connected to MongoDB
[2025-07-14 00:07:21] INFO: POST /api/transactions/add
[2025-07-14 00:07:21] INFO: Raw body:
[2025-07-14 00:07:21] INFO: Decrypting base64 payload...
[2025-07-14 00:07:21] ERROR: Decryption failed: Unsupported state or unable to authenticate data
[2025-07-14 17:53:00] INFO: Connected to MongoDB
[2025-07-14 17:53:48] INFO: ➡️ GET /api/transactions/getAllTransaction/msitservices15@gmail.com
[2025-07-14 17:53:48] INFO: Found 0 transactions for msitservices15@gmail.com
[2025-07-14 17:53:57] INFO: POST /api/transactions/add
[2025-07-14 17:53:57] INFO: Raw body:
[2025-07-14 17:53:57] INFO: Decrypting base64 payload...
[2025-07-14 17:53:57] ERROR: Decryption failed: Unsupported state or unable to authenticate data
[2025-07-14 17:58:30] INFO: Connected to MongoDB
[2025-07-14 18:00:13] INFO: Connected to MongoDB
[2025-07-14 18:00:18] INFO: ➡️ GET /api/transactions/getAllTransaction/msitservices15@gmail.com
[2025-07-14 18:00:19] INFO: Found 0 transactions for msitservices15@gmail.com
[2025-07-14 18:00:27] INFO: POST /api/transactions/add
[2025-07-14 18:00:27] INFO: Raw body:
[2025-07-14 18:00:27] INFO: Decrypting base64 payload...
[2025-07-14 18:00:27] ERROR: Decryption failed: Unsupported state or unable to authenticate data
[2025-07-14 18:00:27] ERROR: Decryption failed: Invalid encrypted payload
[2025-07-14 18:01:54] INFO: Connected to MongoDB
[2025-07-14 18:02:20] INFO: Connected to MongoDB
[2025-07-14 18:02:25] INFO: POST /api/transactions/add
[2025-07-14 18:02:25] INFO: Raw body:
[2025-07-14 18:02:25] INFO: Decrypting base64 payload...
[2025-07-14 18:02:25] ERROR: Decryption failed: Unsupported state or unable to authenticate data
[2025-07-14 18:02:25] ERROR: Decryption failed: Invalid encrypted payload
[2025-07-14 18:04:00] INFO: Connected to MongoDB
[2025-07-14 18:04:29] INFO: Connected to MongoDB
[2025-07-14 18:04:33] INFO: POST /api/transactions/add
[2025-07-14 18:04:33] INFO: Raw body:
[2025-07-14 18:04:33] INFO: Decrypting base64 payload...
[2025-07-14 18:04:33] ERROR: Decryption failed: Unsupported state or unable to authenticate data
[2025-07-14 18:04:33] ERROR: Decryption failed: Invalid encrypted payload
[2025-07-14 18:05:54] INFO: Connected to MongoDB
[2025-07-14 18:05:59] INFO: POST /api/transactions/add
[2025-07-14 18:05:59] INFO: Raw body:
[2025-07-14 18:05:59] INFO: Decrypting base64 payload...
[2025-07-14 18:05:59] ERROR: Decryption failed: Unsupported state or unable to authenticate data
[2025-07-14 18:05:59] ERROR: Decryption failed: Invalid encrypted payload
[2025-07-14 18:07:31] INFO: Connected to MongoDB
[2025-07-14 18:09:22] INFO: Connected to MongoDB
[2025-07-14 18:09:53] INFO: ➡️ GET /api/transactions/getAllTransaction/msitservices15@gmail.com
[2025-07-14 18:09:53] INFO: Found 0 transactions for msitservices15@gmail.com
[2025-07-14 18:10:00] INFO: POST /api/transactions/add
[2025-07-14 18:10:00] INFO: Raw body:
[2025-07-14 18:10:00] INFO: Decrypting base64 payload...
[2025-07-14 18:10:00] ERROR: Decryption failed: Unsupported state or unable to authenticate data
[2025-07-14 18:10:00] ERROR: Decryption failed: Invalid encrypted payload
[2025-07-14 18:10:27] INFO: Connected to MongoDB
[2025-07-14 18:10:34] INFO: POST /api/transactions/add
[2025-07-14 18:10:34] INFO: Raw body:
[2025-07-14 18:10:34] INFO: Decrypting base64 payload...
[2025-07-14 18:10:34] ERROR: Decryption failed: Unsupported state or unable to authenticate data
[2025-07-14 18:10:34] ERROR: Decryption failed: Invalid encrypted payload
[2025-07-14 18:11:28] INFO: ➡️ GET /api/transactions/getAllTransaction/msitservices15@gmail.com
[2025-07-14 18:11:28] INFO: Found 0 transactions for msitservices15@gmail.com
[2025-07-14 18:11:51] INFO: ➡️ GET /api/transactions/getAllTransaction/msitservices15@gmail.com
[2025-07-14 18:11:51] INFO: Found 0 transactions for msitservices15@gmail.com
[2025-07-14 18:12:13] INFO: POST /api/transactions/add
[2025-07-14 18:12:13] INFO: Raw body:
[2025-07-14 18:12:13] INFO: Decrypting base64 payload...
[2025-07-14 18:12:13] ERROR: Decryption failed: Unsupported state or unable to authenticate data
[2025-07-14 18:12:13] ERROR: Decryption failed: Invalid encrypted payload
[2025-07-14 18:15:10] INFO: Connected to MongoDB
[2025-07-14 18:15:50] INFO: Connected to MongoDB
[2025-07-14 18:15:55] INFO: POST /api/transactions/add
[2025-07-14 18:15:55] INFO: Raw body:
[2025-07-14 18:15:55] INFO: Decrypting base64 payload...
[2025-07-14 18:15:55] ERROR: Decryption failed: Unsupported state or unable to authenticate data
[2025-07-14 18:15:56] ERROR: Decryption failed: Invalid encrypted payload
[2025-07-14 18:17:25] INFO: Connected to MongoDB
[2025-07-14 18:17:42] INFO: POST /api/transactions/add
[2025-07-14 18:17:42] INFO: Raw body:
[2025-07-14 18:17:42] INFO: Decrypting base64 payload...
[2025-07-14 18:17:42] ERROR: Decryption failed: Unsupported state or unable to authenticate data
[2025-07-14 18:17:42] ERROR: Decryption failed: Invalid encrypted payload
[2025-07-14 18:21:15] INFO: ➡️ GET /api/transactions/getAllTransaction/msitservices15@gmail.com
[2025-07-14 18:21:15] INFO: Found 0 transactions for msitservices15@gmail.com
[2025-07-14 18:21:27] INFO: POST /api/transactions/add
[2025-07-14 18:21:27] INFO: Raw body:
[2025-07-14 18:21:27] INFO: Decrypting base64 payload...
[2025-07-14 18:21:27] ERROR: Decryption failed: Unsupported state or unable to authenticate data
[2025-07-14 18:21:27] ERROR: Decryption failed: Invalid encrypted payload
[2025-07-14 18:24:39] INFO: ➡️ GET /api/transactions/getAllTransaction/msitservices15@gmail.com
[2025-07-14 18:24:39] INFO: Found 0 transactions for msitservices15@gmail.com
[2025-07-14 18:24:49] INFO: ➡️ GET /api/transactions/getAllTransaction/msitservices15@gmail.com
[2025-07-14 18:24:49] INFO: Found 0 transactions for msitservices15@gmail.com
[2025-07-14 18:24:58] INFO: POST /api/transactions/add
[2025-07-14 18:24:58] INFO: Raw body:
[2025-07-14 18:24:58] INFO: Decrypting base64 payload...
[2025-07-14 18:24:58] ERROR: Decryption failed: Unsupported state or unable to authenticate data
[2025-07-14 18:24:58] ERROR: Decryption failed: Invalid encrypted payload
[2025-07-14 18:27:23] INFO: Connected to MongoDB
[2025-07-14 18:27:33] INFO: POST /api/transactions/add
[2025-07-14 18:27:33] INFO: Raw body:
[2025-07-14 18:27:33] ERROR: Decryption failed: decryptData is not a function
[2025-07-14 18:28:20] INFO: Connected to MongoDB
[2025-07-14 18:29:02] INFO: Connected to MongoDB
[2025-07-14 18:29:07] INFO: POST /api/transactions/add
[2025-07-14 18:29:07] INFO: Raw body:
[2025-07-14 18:29:07] ERROR: Decryption failed: decryptData is not a function
[2025-07-14 18:29:22] INFO: Connected to MongoDB
[2025-07-14 18:29:25] INFO: POST /api/transactions/add
[2025-07-14 18:29:25] INFO: Raw body:
[2025-07-14 18:29:25] ERROR: Decryption failed: decryptData is not a function
[2025-07-14 18:30:19] INFO: Connected to MongoDB
[2025-07-14 18:30:25] INFO: Connected to MongoDB
[2025-07-14 18:30:29] INFO: POST /api/transactions/add
[2025-07-14 18:30:29] INFO: Raw body:
[2025-07-14 18:30:29] ERROR: Decryption failed: logger is not defined
[2025-07-14 18:30:44] INFO: Connected to MongoDB
[2025-07-14 18:30:51] INFO: POST /api/transactions/add
[2025-07-14 18:30:51] INFO: Raw body:
[2025-07-14 18:30:51] INFO: Decrypting base64 payload...
[2025-07-14 18:30:51] ERROR: Decryption failed: key is not defined
[2025-07-14 18:30:51] ERROR: Decryption failed: Invalid encrypted payload
[2025-07-14 18:31:55] INFO: Connected to MongoDB
[2025-07-14 18:31:59] INFO: POST /api/transactions/add
[2025-07-14 18:31:59] INFO: Raw body:
[2025-07-14 18:31:59] INFO: Decrypting base64 payload...
[2025-07-14 18:31:59] INFO: POST /api/transactions/add:data
[2025-07-14 18:32:00] INFO: ✅ Transaction added | ID: 1752498119960 | Email: msitservices15@gmail.com
[2025-07-14 18:32:40] INFO: PUT /api/transactions/update
[2025-07-14 18:32:40] INFO: Decrypting base64 payload...
[2025-07-14 18:32:40] ERROR: Decryption failed: The first argument must be of type string or an instance of Buffer, ArrayBuffer, or Array or an Array-like Object. Received undefined
[2025-07-14 18:33:59] INFO: ➡️ GET /api/transactions/getAllTransaction/msitservices15@gmail.com
[2025-07-14 18:33:59] INFO: ➡️ GET /api/transactions/getAllTransaction/Mohd Mosin
[2025-07-14 18:33:59] INFO: Found 1 transactions for msitservices15@gmail.com
[2025-07-14 18:33:59] INFO: Found 0 transactions for Mohd Mosin
[2025-07-14 18:34:07] INFO: POST /api/transactions/add
[2025-07-14 18:34:07] INFO: Raw body:
[2025-07-14 18:34:07] INFO: Decrypting base64 payload...
[2025-07-14 18:34:07] INFO: POST /api/transactions/add:data
[2025-07-14 18:34:07] INFO: ✅ Transaction added | ID: 1752498245904 | Email: msitservices15@gmail.com
[2025-07-14 18:34:23] INFO: PUT /api/transactions/update
[2025-07-14 18:34:23] INFO: Decrypting base64 payload...
[2025-07-14 18:34:23] ERROR: Decryption failed: Cannot read properties of undefined (reading 'iv')
[2025-07-14 18:36:15] INFO: POST /api/transactions/add
[2025-07-14 18:36:15] INFO: Raw body:
[2025-07-14 18:36:15] INFO: Decrypting base64 payload...
[2025-07-14 18:36:15] INFO: POST /api/transactions/add:data
[2025-07-14 18:36:15] INFO: ✅ Transaction added | ID: 1752498374170 | Email: msitservices15@gmail.com
[2025-07-14 18:36:30] INFO: PUT /api/transactions/update
[2025-07-14 18:36:30] INFO: Decrypting base64 payload...
[2025-07-14 18:36:30] ERROR: Decryption failed: Cannot read properties of undefined (reading 'iv')
[2025-07-14 18:36:58] INFO: POST /api/transactions/add
[2025-07-14 18:36:58] INFO: Raw body:
[2025-07-14 18:36:58] INFO: Decrypting base64 payload...
[2025-07-14 18:36:58] INFO: POST /api/transactions/add:data
[2025-07-14 18:36:58] INFO: ✅ Transaction added | ID: 1752498417391 | Email: msitservices15@gmail.com
[2025-07-14 18:39:00] INFO: Decrypting base64 payload...
[2025-07-14 18:39:00] ERROR: Decryption failed: Cannot read properties of undefined (reading 'iv')
[2025-07-14 18:39:04] INFO: Decrypting base64 payload...
[2025-07-14 18:39:04] ERROR: Decryption failed: Cannot read properties of undefined (reading 'iv')
[2025-07-14 18:39:10] INFO: Decrypting base64 payload...
[2025-07-14 18:39:10] ERROR: Decryption failed: Cannot read properties of undefined (reading 'iv')
[2025-07-14 18:40:28] INFO: ➡️ GET /api/transactions/getAllTransaction/msitservices15@gmail.com
[2025-07-14 18:40:28] INFO: ➡️ GET /api/transactions/getAllTransaction/Mohd Mosin
[2025-07-14 18:40:28] INFO: Found 4 transactions for msitservices15@gmail.com
[2025-07-14 18:40:28] INFO: Found 0 transactions for Mohd Mosin
[2025-07-14 18:40:40] INFO: ➡️ GET /api/transactions/getAllTransaction/msitservices15@gmail.com
[2025-07-14 18:40:40] INFO: Found 4 transactions for msitservices15@gmail.com
[2025-07-14 18:41:21] INFO: Connected to MongoDB
[2025-07-14 18:41:34] INFO: PUT /api/transactions/update
[2025-07-14 18:41:34] INFO: Decrypting base64 payload...
[2025-07-14 18:41:34] INFO: ✅ Transaction updated | ID: 687500c7930d1a5d2feb57b1
[2025-07-14 18:41:39] INFO: Decrypting base64 payload...
[2025-07-14 18:41:39] ERROR: Decryption failed: Cannot read properties of undefined (reading 'iv')
[2025-07-14 18:41:50] INFO: Connected to MongoDB
[2025-07-14 18:42:11] INFO: Decrypting base64 payload...
[2025-07-14 18:42:11] INFO: POST /api/transactions/delete | ID: 1752498417391 | Email: msitservices15@gmail.com
[2025-07-14 18:42:12] INFO: ✅ Transaction deleted | ID: 687500f2930d1a5d2feb57b3
[2025-07-14 18:43:32] INFO: Connected to MongoDB
[2025-07-14 18:44:44] INFO: Connected to MongoDB
[2025-07-14 18:46:01] INFO: Connected to MongoDB
[2025-07-14 18:46:10] INFO: Connected to MongoDB
[2025-07-14 18:46:21] INFO: ➡️ GET /api/transactions/getAllTransaction/msitservices15@gmail.com
[2025-07-14 18:46:21] INFO: Found 3 transactions for msitservices15@gmail.com
[2025-07-14 18:46:38] INFO: ➡️ GET /api/transactions/getAllTransaction/msitservices15@gmail.com
[2025-07-14 18:46:38] INFO: Found 3 transactions for msitservices15@gmail.com
[2025-07-14 18:46:52] INFO: MPIN verified, token issued for user msitservices15@gmail.com
[2025-07-14 18:46:52] INFO: ➡️ GET /api/transactions/getAllTransaction/msitservices15@gmail.com
[2025-07-14 18:46:52] INFO: Found 3 transactions for msitservices15@gmail.com
[2025-07-14 18:58:57] INFO: Decrypting base64 payload...
[2025-07-14 18:58:57] INFO: POST /api/transactions/delete | ID: 1752498374170 | Email: msitservices15@gmail.com
[2025-07-14 18:58:58] INFO: ✅ Transaction deleted | ID: 687500c7930d1a5d2feb57b1
[2025-07-14 19:00:01] INFO: PUT /api/transactions/update
[2025-07-14 19:00:01] INFO: Decrypting base64 payload...
[2025-07-14 19:00:02] INFO: ✅ Transaction updated | ID: 68750047930d1a5d2feb57af
[2025-07-14 19:00:22] INFO: ➡️ GET /api/transactions/getAllTransaction/msitservices15@gmail.com
[2025-07-14 19:00:25] INFO: ➡️ GET /api/transactions/getAllTransaction/msitservices15@gmail.com
[2025-07-14 19:00:27] INFO: Found 2 transactions for msitservices15@gmail.com
[2025-07-14 19:00:41] INFO: Found 2 transactions for msitservices15@gmail.com
[2025-07-14 19:05:00] INFO: ➡️ GET /api/transactions/getAllTransaction/msitservices15@gmail.com
[2025-07-14 19:05:00] INFO: Found 2 transactions for msitservices15@gmail.com
[2025-07-14 19:05:29] INFO: ➡️ GET /api/transactions/getAllTransaction/msitservices15@gmail.com
[2025-07-14 19:05:29] INFO: ➡️ GET /api/transactions/getAllTransaction/Mohd Mosin
[2025-07-14 19:05:29] INFO: Found 2 transactions for msitservices15@gmail.com
[2025-07-14 19:05:30] INFO: Found 0 transactions for Mohd Mosin
[2025-07-14 19:05:34] INFO: ➡️ GET /api/transactions/getAllTransaction/msitservices15@gmail.com
[2025-07-14 19:05:34] INFO: Found 2 transactions for msitservices15@gmail.com
[2025-07-14 19:05:44] INFO: PUT /api/transactions/update
[2025-07-14 19:05:44] INFO: Decrypting base64 payload...
[2025-07-14 19:05:44] INFO: ✅ Transaction updated | ID: 68750047930d1a5d2feb57af
[2025-07-14 19:08:29] INFO: ➡️ GET /api/transactions/getAllTransaction/msitservices15@gmail.com
[2025-07-14 19:08:29] INFO: Found 2 transactions for msitservices15@gmail.com
[2025-07-14 19:08:39] INFO: PUT /api/transactions/update
[2025-07-14 19:08:39] INFO: Decrypting base64 payload...
[2025-07-14 19:08:39] INFO: ✅ Transaction updated | ID: 68750047930d1a5d2feb57af
[2025-07-14 19:08:50] INFO: ➡️ GET /api/transactions/getAllTransaction/msitservices15@gmail.com
[2025-07-14 19:08:50] INFO: Found 2 transactions for msitservices15@gmail.com
[2025-07-14 19:12:36] INFO: ➡️ GET /api/transactions/getAllTransaction/msitservices15@gmail.com
[2025-07-14 19:12:36] INFO: Found 2 transactions for msitservices15@gmail.com
[2025-07-14 19:30:43] INFO: PUT /api/transactions/update
[2025-07-14 19:30:43] INFO: Decrypting base64 payload...
[2025-07-14 19:30:43] INFO: ✅ Transaction updated | ID: 6874ffc7930d1a5d2feb57ab
[2025-07-14 19:30:51] INFO: PUT /api/transactions/update
[2025-07-14 19:30:51] INFO: Decrypting base64 payload...
[2025-07-14 19:30:51] INFO: ✅ Transaction updated | ID: 6874ffc7930d1a5d2feb57ab
[2025-07-14 19:31:00] INFO: PUT /api/transactions/update
[2025-07-14 19:31:00] INFO: Decrypting base64 payload...
[2025-07-14 19:31:00] INFO: ✅ Transaction updated | ID: 6874ffc7930d1a5d2feb57ab
[2025-07-14 19:42:44] INFO: Decrypting base64 payload...
[2025-07-14 19:42:44] INFO: POST /api/transactions/delete | ID: 1752498245904 | Email: msitservices15@gmail.com
[2025-07-14 19:42:45] INFO: ✅ Transaction deleted | ID: 68750047930d1a5d2feb57af
[2025-07-14 19:42:48] INFO: ➡️ GET /api/transactions/getAllTransaction/msitservices15@gmail.com
[2025-07-14 19:42:48] INFO: Found 1 transactions for msitservices15@gmail.com
[2025-07-14 19:42:55] INFO: POST /api/transactions/add
[2025-07-14 19:42:55] INFO: Raw body:
[2025-07-14 19:42:55] INFO: Decrypting base64 payload...
[2025-07-14 19:42:55] INFO: POST /api/transactions/add:data
[2025-07-14 19:42:55] INFO: ✅ Transaction added | ID: 1752502375545 | Email: msitservices15@gmail.com
[2025-07-14 19:43:05] INFO: PUT /api/transactions/update
[2025-07-14 19:43:05] INFO: Decrypting base64 payload...
[2025-07-14 19:43:05] INFO: ✅ Transaction updated | ID: 6874ffc7930d1a5d2feb57ab
[2025-07-14 19:43:14] INFO: ➡️ GET /api/transactions/getAllTransaction/msitservices15@gmail.com
[2025-07-14 19:43:14] INFO: Found 2 transactions for msitservices15@gmail.com
[2025-07-14 19:43:20] INFO: PUT /api/transactions/update
[2025-07-14 19:43:20] INFO: Decrypting base64 payload...
[2025-07-14 19:43:20] INFO: ✅ Transaction updated | ID: 6874ffc7930d1a5d2feb57ab
[2025-07-14 19:43:28] INFO: ➡️ GET /api/transactions/getAllTransaction/msitservices15@gmail.com
[2025-07-14 19:43:28] INFO: Found 2 transactions for msitservices15@gmail.com
[2025-07-14 19:43:31] INFO: Decrypting base64 payload...
[2025-07-14 19:43:31] INFO: POST /api/transactions/delete | ID: 1752498119960 | Email: msitservices15@gmail.com
[2025-07-14 19:43:31] INFO: ✅ Transaction deleted | ID: 6874ffc7930d1a5d2feb57ab
[2025-07-14 19:43:42] INFO: PUT /api/transactions/update
[2025-07-14 19:43:42] INFO: Decrypting base64 payload...
[2025-07-14 19:43:42] INFO: ✅ Transaction updated | ID: 6875106767b3367dcb7e5b52
[2025-07-14 19:45:22] INFO: ➡️ GET /api/transactions/getAllTransaction/msitservices15@gmail.com
[2025-07-14 19:45:22] INFO: Found 1 transactions for msitservices15@gmail.com
[2025-07-14 19:46:51] INFO: PUT /api/transactions/update
[2025-07-14 19:46:51] INFO: Decrypting base64 payload...
[2025-07-14 19:46:51] INFO: ✅ Transaction updated | ID: 6875106767b3367dcb7e5b52
[2025-07-14 19:46:51] INFO: ➡️ GET /api/transactions/getAllTransaction/msitservices15@gmail.com
[2025-07-14 19:46:51] INFO: ➡️ GET /api/transactions/getAllTransaction/Mohd Mosin
[2025-07-14 19:46:51] INFO: Found 1 transactions for msitservices15@gmail.com
[2025-07-14 19:46:51] INFO: Found 0 transactions for Mohd Mosin
[2025-07-14 19:46:55] INFO: ➡️ GET /api/transactions/getAllTransaction/msitservices15@gmail.com
[2025-07-14 19:46:55] INFO: Found 1 transactions for msitservices15@gmail.com
[2025-07-14 19:47:17] INFO: PUT /api/transactions/update
[2025-07-14 19:47:17] INFO: Decrypting base64 payload...
[2025-07-14 19:47:17] INFO: ✅ Transaction updated | ID: 6875106767b3367dcb7e5b52
[2025-07-14 19:50:48] INFO: POST /api/transactions/add
[2025-07-14 19:50:48] INFO: Raw body:
[2025-07-14 19:50:48] INFO: Decrypting base64 payload...
[2025-07-14 19:50:48] INFO: POST /api/transactions/add:data
[2025-07-14 19:50:48] INFO: ✅ Transaction added | ID: 1752502834159 | Email: msitservices15@gmail.com
[2025-07-14 19:52:39] INFO: PUT /api/transactions/update
[2025-07-14 19:52:39] INFO: Decrypting base64 payload...
[2025-07-14 19:52:39] INFO: ✅ Transaction updated | ID: 6875124067b3367dcb7e5b60
[2025-07-14 19:52:57] INFO: PUT /api/transactions/update
[2025-07-14 19:52:57] INFO: Decrypting base64 payload...
[2025-07-14 19:52:57] INFO: ✅ Transaction updated | ID: 6875106767b3367dcb7e5b52
[2025-07-14 19:53:29] INFO: PUT /api/transactions/update
[2025-07-14 19:53:29] INFO: Decrypting base64 payload...
[2025-07-14 19:53:29] INFO: ✅ Transaction updated | ID: 6875106767b3367dcb7e5b52
[2025-07-14 19:55:38] INFO: PUT /api/transactions/update
[2025-07-14 19:55:38] INFO: Decrypting base64 payload...
[2025-07-14 19:55:38] INFO: ✅ Transaction updated | ID: 6875106767b3367dcb7e5b52
[2025-07-14 19:55:46] INFO: PUT /api/transactions/update
[2025-07-14 19:55:46] INFO: Decrypting base64 payload...
[2025-07-14 19:55:46] INFO: ✅ Transaction updated | ID: 6875124067b3367dcb7e5b60
[2025-07-14 19:55:49] INFO: ➡️ GET /api/transactions/getAllTransaction/msitservices15@gmail.com
[2025-07-14 19:55:49] INFO: Found 2 transactions for msitservices15@gmail.com
[2025-07-14 19:55:58] INFO: PUT /api/transactions/update
[2025-07-14 19:55:58] INFO: Decrypting base64 payload...
[2025-07-14 19:55:59] INFO: ✅ Transaction updated | ID: 6875124067b3367dcb7e5b60
[2025-07-14 19:56:01] INFO: ➡️ GET /api/transactions/getAllTransaction/msitservices15@gmail.com
[2025-07-14 19:56:01] INFO: Found 2 transactions for msitservices15@gmail.com
[2025-07-14 19:56:26] INFO: PUT /api/transactions/update
[2025-07-14 19:56:26] INFO: Decrypting base64 payload...
[2025-07-14 19:56:26] INFO: ✅ Transaction updated | ID: 6875106767b3367dcb7e5b52
[2025-07-14 19:56:50] INFO: POST /api/transactions/add
[2025-07-14 19:56:50] INFO: Raw body:
[2025-07-14 19:56:50] INFO: Decrypting base64 payload...
[2025-07-14 19:56:50] INFO: POST /api/transactions/add:data
[2025-07-14 19:56:50] INFO: ✅ Transaction added | ID: 1752503209989 | Email: msitservices15@gmail.com
[2025-07-14 19:57:01] INFO: PUT /api/transactions/update
[2025-07-14 19:57:01] INFO: Decrypting base64 payload...
[2025-07-14 19:57:01] INFO: ✅ Transaction updated | ID: 687513aa67b3367dcb7e5b6b
[2025-07-14 19:57:14] INFO: PUT /api/transactions/update
[2025-07-14 19:57:14] INFO: Decrypting base64 payload...
[2025-07-14 19:57:14] INFO: ✅ Transaction updated | ID: 687513aa67b3367dcb7e5b6b
[2025-07-14 19:57:21] INFO: Decrypting base64 payload...
[2025-07-14 19:57:21] INFO: POST /api/transactions/delete | ID: 1752503209989 | Email: msitservices15@gmail.com
[2025-07-14 19:57:21] INFO: ✅ Transaction deleted | ID: 687513aa67b3367dcb7e5b6b
[2025-07-14 19:57:27] INFO: Decrypting base64 payload...
[2025-07-14 19:57:27] INFO: POST /api/transactions/delete | ID: 1752502375545 | Email: msitservices15@gmail.com
[2025-07-14 19:57:27] INFO: ✅ Transaction deleted | ID: 6875106767b3367dcb7e5b52
[2025-07-14 19:58:03] INFO: PUT /api/transactions/update
[2025-07-14 19:58:03] INFO: Decrypting base64 payload...
[2025-07-14 19:58:03] INFO: ✅ Transaction updated | ID: 6875124067b3367dcb7e5b60
[2025-07-14 19:58:15] INFO: Decrypting base64 payload...
[2025-07-14 19:58:15] INFO: POST /api/transactions/delete | ID: 1752502834159 | Email: msitservices15@gmail.com
[2025-07-14 19:58:15] INFO: ✅ Transaction deleted | ID: 6875124067b3367dcb7e5b60
[2025-07-14 20:02:45] INFO: POST /api/transactions/add
[2025-07-14 20:02:45] INFO: Raw body:
[2025-07-14 20:02:45] INFO: Decrypting base64 payload...
[2025-07-14 20:02:45] INFO: POST /api/transactions/add:data
[2025-07-14 20:02:45] INFO: ✅ Transaction added | ID: 1752503565605 | Email: msitservices15@gmail.com
[2025-07-14 20:02:54] INFO: POST /api/transactions/add
[2025-07-14 20:02:54] INFO: Raw body:
[2025-07-14 20:02:54] INFO: Decrypting base64 payload...
[2025-07-14 20:02:54] INFO: POST /api/transactions/add:data
[2025-07-14 20:02:54] INFO: ✅ Transaction added | ID: 1752503574955 | Email: msitservices15@gmail.com
[2025-07-14 20:03:35] INFO: ➡️ GET /api/transactions/getAllTransaction/msitservices15@gmail.com
[2025-07-14 20:03:35] INFO: ➡️ GET /api/transactions/getAllTransaction/Mohd Mosin
[2025-07-14 20:03:35] INFO: Found 2 transactions for msitservices15@gmail.com
[2025-07-14 20:03:35] INFO: Found 0 transactions for Mohd Mosin
[2025-07-14 20:03:39] INFO: ➡️ GET /api/transactions/getAllTransaction/msitservices15@gmail.com
[2025-07-14 20:03:39] INFO: Found 2 transactions for msitservices15@gmail.com
[2025-07-14 20:03:53] INFO: ➡️ GET /api/transactions/getAllTransaction/msitservices15@gmail.com
[2025-07-14 20:03:53] INFO: Found 2 transactions for msitservices15@gmail.com
[2025-07-14 20:04:00] INFO: Decrypting base64 payload...
[2025-07-14 20:04:00] INFO: POST /api/transactions/delete | ID: 1752503574955 | Email: msitservices15@gmail.com
[2025-07-14 20:04:00] INFO: ✅ Transaction deleted | ID: 6875151667b3367dcb7e5b75
[2025-07-14 20:04:03] INFO: Decrypting base64 payload...
[2025-07-14 20:04:03] INFO: POST /api/transactions/delete | ID: 1752503565605 | Email: msitservices15@gmail.com
[2025-07-14 20:04:03] INFO: ✅ Transaction deleted | ID: 6875150d67b3367dcb7e5b73
[2025-07-14 20:04:19] INFO: POST /api/transactions/add
[2025-07-14 20:04:19] INFO: Raw body:
[2025-07-14 20:04:19] INFO: Decrypting base64 payload...
[2025-07-14 20:04:19] INFO: POST /api/transactions/add:data
[2025-07-14 20:04:19] INFO: ✅ Transaction added | ID: 1752503658325 | Email: msitservices15@gmail.com
[2025-07-14 20:04:30] INFO: Decrypting base64 payload...
[2025-07-14 20:04:30] INFO: POST /api/transactions/delete | ID: 1752503658325 | Email: msitservices15@gmail.com
[2025-07-14 20:04:30] INFO: ✅ Transaction deleted | ID: 6875156b67b3367dcb7e5b7d
[2025-07-14 20:04:42] INFO: MPIN verified, token issued for user msitservices15@gmail.com
[2025-07-14 20:04:42] INFO: ➡️ GET /api/transactions/getAllTransaction/msitservices15@gmail.com
[2025-07-14 20:04:42] INFO: Found 0 transactions for msitservices15@gmail.com
[2025-07-14 20:04:54] INFO: POST /api/transactions/add
[2025-07-14 20:04:54] INFO: Raw body:
[2025-07-14 20:04:54] INFO: Decrypting base64 payload...
[2025-07-14 20:04:54] INFO: POST /api/transactions/add:data
[2025-07-14 20:04:54] INFO: ✅ Transaction added | ID: 1752503692912 | Email: msitservices15@gmail.com
[2025-07-14 20:05:09] INFO: Decrypting base64 payload...
[2025-07-14 20:05:09] INFO: POST /api/transactions/delete | ID: 1752503692912 | Email: msitservices15@gmail.com
[2025-07-14 20:05:09] INFO: ✅ Transaction deleted | ID: 6875158e67b3367dcb7e5b82
[2025-07-14 20:06:54] INFO: POST /api/transactions/add
[2025-07-14 20:06:54] INFO: Raw body:
[2025-07-14 20:06:54] INFO: Decrypting base64 payload...
[2025-07-14 20:06:54] INFO: POST /api/transactions/add:data
[2025-07-14 20:06:54] INFO: ✅ Transaction added | ID: 1752503814428 | Email: msitservices15@gmail.com
[2025-07-14 20:08:58] INFO: PUT /api/transactions/update
[2025-07-14 20:08:58] INFO: Decrypting base64 payload...
[2025-07-14 20:08:58] INFO: ✅ Transaction updated | ID: 6875160667b3367dcb7e5b85
